<?xml version="1.0" encoding="UTF-8"?>
<!-- Generated by org.testng.reporters.JUnitReportReporter -->
<testsuite hostname="LAPTOP-09VFT31R" failures="0" tests="1" name="tests.WikipediaDownloadTest" time="15.346" errors="0" timestamp="2025-01-27T19:29:10 GET" skipped="0">
  <testcase classname="tests.WikipediaDownloadTest" name="wikipediaDownloadTest" time="15.346"/>
</testsuite> <!-- tests.WikipediaDownloadTest -->
